<div id='container' style='width: 98%; padding: 10px; margin: 0; background: #EBEBE0; color: #717171; font-family: Calibri;'><div id='summary'><h2 align='center' style='background-color: gray; color: white; padding: 10px; margin: 0;'>FAILED: Default Suite (temp-testng-customsuite.xml) -  ()</h2><br><h2 style='clear: both; margin: 0;'>Summary:</h2><hr/><table style='width: 1000px;'><tr><td style='width: 100px;'>Environment:</td><td></td></tr><tr><td>Version:</td><td></td></tr><tr><td>Browser:</td><td></td></tr><tr><td>Finished:</td><td>08:48:13 2024-02-03</td></tr><tr class='pass' style='color: #66C266;'><td>Passed: </td><td>0</td></tr><tr class='fail' style='color: #FF5C33;'><td>Failed:</td><td>2</td></tr><tr class='skip' style='color: #FFD700;'><td>Skipped:</td><td>0</td></tr><tr><td>Success rate:</td><td>0%</td></tr></table></div><br><br><div id='results'><h2 style='margin: 0;'>Test results:</h2><hr/><table cellspacing='0' cellpadding='0' style='width: 100%;'><tr><th width='10%' align='center'>Result</th><th width='75%'>Test name</th><th width='10%'>Test files</th></tr><tr><td colspan='4' class='package' style='background: gray; border-style: solid; border-width: 1px; border-color: white; padding: 5px; color: white;'>com.solvd.tests</td></tr>
<tr class='fail' style='background: #FF5C33;'><td align='center' style='border-style: solid; border-width: 1px; border-color: white; padding: 5px; color: white;'>FAILED</td><td style='border-style: solid; border-width: 1px; border-color: white; padding: 5px; color: white;'><span>solvd_laba_2023-02_tests - verifyGetProductById [L01]</span><div style="background:#ffcccc; color: black; padding: 5px; margin: 2px 0px 2px 0px;">freemarker.template.TemplateNotFoundException: Template not found for name &quot;api/products/get_product_rs.json&quot;.<br/>The name was interpreted by this TemplateLoader: ClassTemplateLoader(resourceLoaderClass=com.zebrunner.carina.api.apitools.builder.MessageBuilder, basePackagePath=&quot;/&quot;).<br/><br/>com.zebrunner.carina.api.apitools.builder.MessageBuilder.buildStringMessage(MessageBuilder.java:51)<br/>com.zebrunner.carina.api.apitools.message.TemplateMessage.getMessageText(TemplateMessage.java:111)<br/>com.zebrunner.carina.api.AbstractApiMethodV2.validateResponse(AbstractApiMethodV2.java:337)<br/>com.zebrunner.carina.api.AbstractApiMethodV2.validateResponse(AbstractApiMethodV2.java:299)<br/>com.zebrunner.carina.api.AbstractApiMethodV2.validateResponse(AbstractApiMethodV2.java:363)<br/>com.solvd.tests.ApiProductTest.verifyGetProductById(ProductTest.java:48)<br/>java.base/jdk.internal.reflect.NativeMethodAccessorImpl.invoke0(Native Method)<br/>java.base/jdk.internal.reflect.NativeMethodAccessorImpl.invoke(NativeMethodAccessorImpl.java:77)<br/>java.base/jdk.internal.reflect.DelegatingMethodAccessorImpl.invoke(DelegatingMethodAccessorImpl.java:43)<br/>java.base/java.lang.reflect.Method.invoke(Method.java:568)<br/>org.testng.internal.invokers.MethodInvocationHelper.invokeMethod(MethodInvocationHelper.java:139)<br/>org.testng.internal.invokers.TestInvoker.invokeMethod(TestInvoker.java:664)<br/>org.testng.internal.invokers.TestInvoker.invokeTestMethod(TestInvoker.java:228)<br/>org.testng.internal.invokers.MethodRunner.runInSequence(MethodRunner.java:63)<br/>org.testng.internal.invokers.TestInvoker$MethodInvocationAgent.invoke(TestInvoker.java:961)<br/>org.testng.internal.invokers.TestInvoker.invokeTestMethods(TestInvoker.java:201)<br/>org.testng.internal.invokers.TestMethodWorker.invokeTestMethods(TestMethodWorker.java:148)<br/>org.testng.internal.invokers.TestMethodWorker.run(TestMethodWorker.java:128)<br/>java.base/java.util.ArrayList.forEach(ArrayList.java:1511)<br/>org.testng.TestRunner.privateRun(TestRunner.java:819)<br/>org.testng.TestRunner.run(TestRunner.java:619)<br/>org.testng.SuiteRunner.runTest(SuiteRunner.java:4...</div></td><td align='center' style='border-style: solid; border-width: 1px; border-color: white; padding: 5px; color: white;'><a target='_blank' href='file://D:\Code\SOLVD_Java_AQA_course\solvd_laba_2023-02_tests\reports\1706939289407/32c37f39-0f78-40ba-9a13-ad75595ba2bc/test.log' style='color: white;'>Logs</a></td></tr>
<tr class='fail' style='background: #FF5C33;'><td align='center' style='border-style: solid; border-width: 1px; border-color: white; padding: 5px; color: white;'>FAILED</td><td style='border-style: solid; border-width: 1px; border-color: white; padding: 5px; color: white;'><span>solvd_laba_2023-02_tests - verifyGetProductById [L02]</span><div style="background:#ffcccc; color: black; padding: 5px; margin: 2px 0px 2px 0px;">freemarker.template.TemplateNotFoundException: Template not found for name &quot;api/products/get_product_rs.json&quot;.<br/>The name was interpreted by this TemplateLoader: ClassTemplateLoader(resourceLoaderClass=com.zebrunner.carina.api.apitools.builder.MessageBuilder, basePackagePath=&quot;/&quot;).<br/><br/>com.zebrunner.carina.api.apitools.builder.MessageBuilder.buildStringMessage(MessageBuilder.java:51)<br/>com.zebrunner.carina.api.apitools.message.TemplateMessage.getMessageText(TemplateMessage.java:111)<br/>com.zebrunner.carina.api.AbstractApiMethodV2.validateResponse(AbstractApiMethodV2.java:337)<br/>com.zebrunner.carina.api.AbstractApiMethodV2.validateResponse(AbstractApiMethodV2.java:299)<br/>com.zebrunner.carina.api.AbstractApiMethodV2.validateResponse(AbstractApiMethodV2.java:363)<br/>com.solvd.tests.ApiProductTest.verifyGetProductById(ProductTest.java:48)<br/>java.base/jdk.internal.reflect.NativeMethodAccessorImpl.invoke0(Native Method)<br/>java.base/jdk.internal.reflect.NativeMethodAccessorImpl.invoke(NativeMethodAccessorImpl.java:77)<br/>java.base/jdk.internal.reflect.DelegatingMethodAccessorImpl.invoke(DelegatingMethodAccessorImpl.java:43)<br/>java.base/java.lang.reflect.Method.invoke(Method.java:568)<br/>org.testng.internal.invokers.MethodInvocationHelper.invokeMethod(MethodInvocationHelper.java:139)<br/>org.testng.internal.invokers.TestInvoker.invokeMethod(TestInvoker.java:664)<br/>org.testng.internal.invokers.TestInvoker.invokeTestMethod(TestInvoker.java:228)<br/>org.testng.internal.invokers.MethodRunner.runInSequence(MethodRunner.java:63)<br/>org.testng.internal.invokers.TestInvoker$MethodInvocationAgent.invoke(TestInvoker.java:961)<br/>org.testng.internal.invokers.TestInvoker.invokeTestMethods(TestInvoker.java:201)<br/>org.testng.internal.invokers.TestMethodWorker.invokeTestMethods(TestMethodWorker.java:148)<br/>org.testng.internal.invokers.TestMethodWorker.run(TestMethodWorker.java:128)<br/>java.base/java.util.ArrayList.forEach(ArrayList.java:1511)<br/>org.testng.TestRunner.privateRun(TestRunner.java:819)<br/>org.testng.TestRunner.run(TestRunner.java:619)<br/>org.testng.SuiteRunner.runTest(SuiteRunner.java:4...</div></td><td align='center' style='border-style: solid; border-width: 1px; border-color: white; padding: 5px; color: white;'><a target='_blank' href='file://D:\Code\SOLVD_Java_AQA_course\solvd_laba_2023-02_tests\reports\1706939289407/d2f5dc54-844f-4ee2-a845-8be2c0ce9585/test.log' style='color: white;'>Logs</a></td></tr>
</table></div></div>
