[2024-02-03 05:48:12] [1] [WARN] Reporting disabled: using no op test run registrar
[2024-02-03 05:48:12] [1] [INFO] TEST [solvd_laba_2023-02_tests - verifyGetProductById [L02]] STARTED at [08:48:12 2024-02-03]
[2024-02-03 05:48:13] [1] [INFO] Request method:	GET
Request URI:	https://dummyjson.com/products/50
Request params:	<none>
Query params:	<none>
Form params:	<none>
Path params:	<none>
Multiparts:		<none>
Cookies:		<none>
Headers:		Accept=*/*
				Content-Type=application/json; charset=UTF-8
Body:			<none>
HTTP/1.1 200 OK
access-control-allow-origin: *
x-dns-prefetch-control: off
x-frame-options: SAMEORIGIN
strict-transport-security: max-age=15552000; includeSubDomains
x-download-options: noopen
x-content-type-options: nosniff
x-xss-protection: 1; mode=block
x-ratelimit-limit: 100
x-ratelimit-remaining: 98
date: Sat, 03 Feb 2024 05:48:13 GMT
x-ratelimit-reset: 1706939297
content-type: application/json; charset=utf-8
content-length: 479
etag: W/"1df-jkoPcDrRlIEToGI9MFYrYAYcMb4"
vary: Accept-Encoding
server: railway

{
    "id": 50,
    "title": "Women Shoes",
    "description": "2020 New Arrivals Genuine Leather Fashion Trend Platform Summer Women Shoes",
    "price": 36,
    "discountPercentage": 16.87,
    "rating": 4.33,
    "stock": 46,
    "brand": "Arrivals Genuine",
    "category": "womens-shoes",
    "thumbnail": "https://cdn.dummyjson.com/product-images/50/thumbnail.jpg",
    "images": [
        "https://cdn.dummyjson.com/product-images/50/1.jpeg",
        "https://cdn.dummyjson.com/product-images/50/2.jpg",
        "https://cdn.dummyjson.com/product-images/50/3.jpg"
    ]
}

[2024-02-03 05:48:13] [1] [ERROR] TEST [solvd_laba_2023-02_tests - verifyGetProductById [L02]] FAILED at [08:48:13 2024-02-03] - freemarker.template.TemplateNotFoundException: Template not found for name "api/products/get_product_rs.json".
The name was interpreted by this TemplateLoader: ClassTemplateLoader(resourceLoaderClass=com.zebrunner.carina.api.apitools.builder.MessageBuilder, basePackagePath="/").

com.zebrunner.carina.api.apitools.builder.MessageBuilder.buildStringMessage(MessageBuilder.java:51)
com.zebrunner.carina.api.apitools.message.TemplateMessage.getMessageText(TemplateMessage.java:111)
com.zebrunner.carina.api.AbstractApiMethodV2.validateResponse(AbstractApiMethodV2.java:337)
com.zebrunner.carina.api.AbstractApiMethodV2.validateResponse(AbstractApiMethodV2.java:299)
com.zebrunner.carina.api.AbstractApiMethodV2.validateResponse(AbstractApiMethodV2.java:363)
com.solvd.tests.ApiProductTest.verifyGetProductById(ProductTest.java:48)
java.base/jdk.internal.reflect.NativeMethodAccessorImpl.invoke0(Native Method)
java.base/jdk.internal.reflect.NativeMethodAccessorImpl.invoke(NativeMethodAccessorImpl.java:77)
java.base/jdk.internal.reflect.DelegatingMethodAccessorImpl.invoke(DelegatingMethodAccessorImpl.java:43)
java.base/java.lang.reflect.Method.invoke(Method.java:568)
org.testng.internal.invokers.MethodInvocationHelper.invokeMethod(MethodInvocationHelper.java:139)
org.testng.internal.invokers.TestInvoker.invokeMethod(TestInvoker.java:664)
org.testng.internal.invokers.TestInvoker.invokeTestMethod(TestInvoker.java:228)
org.testng.internal.invokers.MethodRunner.runInSequence(MethodRunner.java:63)
org.testng.internal.invokers.TestInvoker$MethodInvocationAgent.invoke(TestInvoker.java:961)
org.testng.internal.invokers.TestInvoker.invokeTestMethods(TestInvoker.java:201)
org.testng.internal.invokers.TestMethodWorker.invokeTestMethods(TestMethodWorker.java:148)
org.testng.internal.invokers.TestMethodWorker.run(TestMethodWorker.java:128)
java.base/java.util.ArrayList.forEach(ArrayList.java:1511)
org.testng.TestRunner.privateRun(TestRunner.java:819)
org.testng.TestRunner.run(TestRunner.java:619)
org.testng.SuiteRunner.runTest(SuiteRunner.java:443)
org.testng.SuiteRunner.runSequentially(SuiteRunner.java:437)
org.testng.SuiteRunner.privateRun(SuiteRunner.java:397)
org.testng.SuiteRunner.run(SuiteRunner.java:336)
org.testng.SuiteRunnerWorker.runSuite(SuiteRunnerWorker.java:52)
org.testng.SuiteRunnerWorker.run(SuiteRunnerWorker.java:95)
org.testng.TestNG.runSuitesSequentially(TestNG.java:1301)
org.testng.TestNG.runSuitesLocally(TestNG.java:1228)
org.testng.TestNG.runSuites(TestNG.java:1134)
org.testng.TestNG.run(TestNG.java:1101)
com.intellij.rt.testng.IDEARemoteTestNG.run(IDEARemoteTestNG.java:66)
com.intellij.rt.testng.RemoteTestNGStarter.main(RemoteTestNGStarter.java:109)
